<affs>
<aff>
<institution>School of Biological and Chemical Sciences,</institution><addr-line> </addr-line><institution>Queen Mary University of London</institution>,<institution> </institution><addr-line>London</addr-line>,<addr-line> </addr-line><country>UK</country></aff>
<aff>
<institution>Department of Pathology,</institution><institution>University of Cincinnati College of Medicine</institution>,<institution> </institution><country>USA</country></aff>
</affs>